JvmtiExport can_access_local_variables 0
JvmtiExport can_hotswap_or_post_breakpoint 0
JvmtiExport can_post_on_exceptions 0
# 177 ciObject found
instanceKlass com/mathworks/jmi/AWTUtilities$1
instanceKlass com/mathworks/widgets/Tokenizer$1
instanceKlass com/mathworks/widgets/menus/DefaultMenuBuilder$PopupMenuMenuContainer
instanceKlass sun/util/locale/LocaleExtensions
instanceKlass com/mathworks/widgets/desk/DTTabbedPane$TitleTabUI$ScrollAdjuster
instanceKlass javax/swing/JTabbedPane$ModelListener
instanceKlass com/mathworks/mwswing/MJTabbedPane$TabMouseListener
instanceKlass com/mathworks/widgets/desk/DTNestingContainer$BorderInfo
instanceKlass com/mathworks/mde/desk/MLMnemonicsProvider$2
instanceKlass com/mathworks/mde/desk/MLMnemonicsProvider$1
instanceKlass com/mathworks/widgets/grouptable/SelectOnTypeHandler$4
instanceKlass com/mathworks/widgets/grouptable/SelectOnTypeHandler$3
instanceKlass com/mathworks/widgets/grouptable/GroupingTableRow$3
instanceKlass com/mathworks/widgets/messagepanel/DefaultMessage
instanceKlass com/mathworks/mde/cmdwin/CmdWinEditorKit$3
instanceKlass org/netbeans/editor/DrawLayerFactory
instanceKlass org/netbeans/lib/editor/view/SimpleViewLayoutState
instanceKlass com/mathworks/widgets/desk/DTGroup$5
instanceKlass com/mathworks/widgets/text/mcode/cell/BaseDocumentCellInfo$1
instanceKlass com/mathworks/hg/peer/UIComponentManager$2
instanceKlass com/mathworks/hg/peer/UIComponentManager$1
instanceKlass com/mathworks/hg/peer/WindowRectHandlerImpl$1
instanceKlass com/mathworks/hg/peer/ui/AbstractUIBasePeer
instanceKlass com/mathworks/hg/peer/IPrintableComponent
instanceKlass com/mathworks/hg/peer/ui/FigureUIChild
instanceKlass com/mathworks/hg/peer/ui/borders/TitledBorderOwner
instanceKlass com/mathworks/hg/util/UnicodeTextTranslator
instanceKlass com/mathworks/hg/peer/event/UicomponentButtonListener
instanceKlass com/mathworks/hg/peer/ContextMenuPeer$3
instanceKlass sun/java2d/pipe/SpanClipRenderer$SCRcontext
instanceKlass java/awt/geom/AreaIterator
instanceKlass com/mathworks/mde/editor/plugins/matlab/RunMenu$16
instanceKlass com/mathworks/toolstrip/plaf/ToolstripButtonUI$ToolstripButtonListener$1$1
instanceKlass com/mathworks/toolstrip/sections/ToolstripSections$4
instanceKlass com/mathworks/toolstrip/accessories/IsOnToolstripPredicate
instanceKlass com/mathworks/util/NegationPredicate
instanceKlass com/mathworks/toolstrip/plaf/TSListCellRenderer$7
instanceKlass com/mathworks/mde/editor/plugins/matlab/RunMenu$8
instanceKlass com/mathworks/toolstrip/plaf/ToolstripButtonUI$ToolstripButtonListener$1
instanceKlass javax/swing/plaf/basic/BasicSplitPaneDivider$DragController
instanceKlass sun/reflect/generics/tree/IntSignature
instanceKlass com/mathworks/widgets/desk/DTSingleClientFrame$3
instanceKlass com/mathworks/mde/editor/codepad/Codepad$9
instanceKlass com/mathworks/mde/liveeditor/debug/LiveEditorDebugEventTranslator$1
instanceKlass com/mathworks/mde/editor/codepad/Codepad$4
instanceKlass org/netbeans/editor/MarkVector$ZeroUndoItem
instanceKlass sun/awt/datatransfer/ClipboardTransferable$DataFactory
instanceKlass sun/awt/datatransfer/ClipboardTransferable
instanceKlass com/icl/saxon/charcode/PluggableCharacterSet
instanceKlass com/mathworks/desktop/overlay/OverlayConstraints$1
instanceKlass com/mathworks/desktop/overlay/impl/DefaultOverlayManager$9
instanceKlass com/mathworks/desktop/overlay/impl/DefaultOverlayManager$8
instanceKlass com/mathworks/desktop/overlay/impl/DefaultOverlayManager$7
instanceKlass com/mathworks/desktop/overlay/impl/DefaultOverlayManager$6
instanceKlass com/mathworks/desktop/overlay/OverlayType
instanceKlass com/mathworks/desktop/overlay/OverlayConstraints
instanceKlass com/mathworks/mde/desk/MLMnemonicsProvider$InvisibleMnemonic
instanceKlass com/mathworks/widgets/desk/DTMnemonicsProvider$1
instanceKlass com/mathworks/toolstrip/plaf/ToolstripHeaderUI$TabMnemonic
instanceKlass com/mathworks/desktop/mnemonics/MnemonicsManagerImpl$Mnem
instanceKlass com/mathworks/toolstrip/components/TSButton$1
instanceKlass com/mathworks/desktop/mnemonics/MnemonicPath
instanceKlass com/ma